<?xml version="1.0" encoding="UTF-8"?>
<!-- Generated by org.testng.reporters.JUnitReportReporter -->
<testsuite hostname="DESKTOP-TIJ1VS8" failures="0" tests="1" name="selainum_packge.Tests.AddToCart_PositiveSenario" time="٢.٨٦٣" errors="0" timestamp="٢٠٢٥-٠٥-١٢T١٧:٥٣:٣٩ EEST" skipped="0">
  <testcase classname="selainum_packge.Tests.AddToCart_PositiveSenario" name="AddToCartFromRecomendedItem" time="٢.٨٦٣"/>
</testsuite> <!-- selainum_packge.Tests.AddToCart_PositiveSenario -->
