<?xml version="1.0" encoding="UTF-8"?>
<!-- Generated by org.testng.reporters.JUnitReportReporter -->
<testsuite hostname="DESKTOP-TIJ1VS8" failures="0" tests="2" name="selainum_packge.Tests.SubscribtionTests" time="٦.٠٧٨" errors="0" timestamp="٢٠٢٥-٠٥-١٠T٠٠:٠٦:٠٧ EEST" skipped="0">
  <testcase classname="selainum_packge.Tests.SubscribtionTests" name="SubscribtionTest_HomePage" time="٠.٢٨٧"/>
  <testcase classname="selainum_packge.Tests.SubscribtionTests" name="SubscribtionTest_CartPage" time="٥.٧٩١"/>
</testsuite> <!-- selainum_packge.Tests.SubscribtionTests -->
