<?xml version="1.0" encoding="UTF-8"?>
<!-- Generated by org.testng.reporters.JUnitReportReporter -->
<testsuite hostname="DESKTOP-TIJ1VS8" failures="0" tests="1" name="selainum_packge.Tests.LoginTests_happyAndNegativeScenarioWithDDTAndPropertiesFile" time="٢.٧١٠" errors="0" timestamp="٢٠٢٥-٠٥-٠٩T٢١:٣٢:١٢ EEST" skipped="0">
  <testcase classname="selainum_packge.Tests.LoginTests_happyAndNegativeScenarioWithDDTAndPropertiesFile" name="testLogin_CorrectEmailAndPassword" time="٢.٧١٠"/>
</testsuite> <!-- selainum_packge.Tests.LoginTests_happyAndNegativeScenarioWithDDTAndPropertiesFile -->
