<?xml version="1.0" encoding="UTF-8"?>
<!-- Generated by org.testng.reporters.JUnitReportReporter -->
<testsuite hostname="DESKTOP-TIJ1VS8" failures="0" tests="2" name="selainum_packge.Tests.RegisterTests_happyScenarioWithDDTWithDataProvider" time="٢٥.٩٨٩" errors="0" timestamp="٢٠٢٥-٠٥-٠٩T٢٢:٢٥:٤٩ EEST" skipped="0">
  <testcase classname="selainum_packge.Tests.RegisterTests_happyScenarioWithDDTWithDataProvider" name="testRegister_NewEmail_MandarotyAndOptional" time="١٤.٩١٦"/>
  <testcase classname="selainum_packge.Tests.RegisterTests_happyScenarioWithDDTWithDataProvider" name="testRegister_NewEmail_Mandaroty" time="١١.٠٧٣"/>
</testsuite> <!-- selainum_packge.Tests.RegisterTests_happyScenarioWithDDTWithDataProvider -->
