<?xml version="1.0" encoding="UTF-8"?>
<!-- Generated by org.testng.reporters.JUnitReportReporter -->
<testsuite hostname="DESKTOP-TIJ1VS8" failures="0" tests="1" name="selainum_packge.Tests.Checkout_positiveSenario" time="٢٥.٢٢٧" errors="0" timestamp="٢٠٢٥-٠٥-١١T٢١:٣٢:٣١ EEST" skipped="0">
  <testcase classname="selainum_packge.Tests.Checkout_positiveSenario" name="Registerbeforecheckout_with_ExistantEmail" time="٢٥.٢٢٧"/>
</testsuite> <!-- selainum_packge.Tests.Checkout_positiveSenario -->
