<?xml version="1.0" encoding="UTF-8"?>
<!-- Generated by org.testng.reporters.JUnitReportReporter -->
<testsuite hostname="DESKTOP-TIJ1VS8" failures="0" tests="1" name="selainum_packge.Tests.ContactUs_happyScenario" time="١.٧٦٨" errors="0" timestamp="٢٠٢٥-٠٥-٠٩T٢٢:١٥:٠١ EEST" skipped="0">
  <testcase classname="selainum_packge.Tests.ContactUs_happyScenario" name="testContactUs_validData" time="١.٧٦٨"/>
</testsuite> <!-- selainum_packge.Tests.ContactUs_happyScenario -->
