<?xml version="1.0" encoding="UTF-8"?>
<!-- Generated by org.testng.reporters.JUnitReportReporter -->
<testsuite hostname="DESKTOP-TIJ1VS8" failures="0" tests="1" name="selainum_packge.Tests.RegisterwhileCheckout_NegativeSenario" time="٧.٧٠٥" errors="0" timestamp="٢٠٢٥-٠٥-١١T١٥:٤٣:٥٦ EEST" skipped="0">
  <testcase classname="selainum_packge.Tests.RegisterwhileCheckout_NegativeSenario" name="Registerwhilecheckout_Negative" time="٧.٧٠٥"/>
</testsuite> <!-- selainum_packge.Tests.RegisterwhileCheckout_NegativeSenario -->
