<?xml version="1.0" encoding="UTF-8"?>
<!-- Generated by org.testng.reporters.JUnitReportReporter -->
<testsuite hostname="DESKTOP-TIJ1VS8" failures="0" tests="1" name="selainum_packge.Tests.Products_PositiveSenario" time="٤.٠٣٩" errors="0" timestamp="٢٠٢٥-٠٥-١٢T١٧:٤٠:٣٦ EEST" skipped="0">
  <testcase classname="selainum_packge.Tests.Products_PositiveSenario" name="AddReviewOnProduct" time="٤.٠٣٩"/>
</testsuite> <!-- selainum_packge.Tests.Products_PositiveSenario -->
