<?xml version="1.0" encoding="UTF-8"?>
<!-- Generated by org.testng.reporters.JUnitReportReporter -->
<testsuite hostname="DESKTOP-TIJ1VS8" failures="0" tests="4" name="selainum_packge.Tests.AddToCart_PositiveSenario" time="٤١.٥٢٣" errors="0" timestamp="٢٠٢٥-٠٥-١٢T١٨:٥٧:١٠ EEST" skipped="0">
  <testcase classname="selainum_packge.Tests.AddToCart_PositiveSenario" name="Verify_AddProductsToCart" time="١٧.٤٠٦"/>
  <testcase classname="selainum_packge.Tests.AddToCart_PositiveSenario" name="Verify_RemoveProductsFromCart" time="٩.٢٩٩"/>
  <testcase classname="selainum_packge.Tests.AddToCart_PositiveSenario" name="Verify_productQuantity" time="٨.٠٣٦"/>
  <testcase classname="selainum_packge.Tests.AddToCart_PositiveSenario" name="AddToCartFromRecomendedItem" time="٦.٧٨٢"/>
</testsuite> <!-- selainum_packge.Tests.AddToCart_PositiveSenario -->
