<?xml version="1.0" encoding="UTF-8"?>
<!-- Generated by org.testng.reporters.JUnitReportReporter -->
<testsuite hostname="DESKTOP-TIJ1VS8" failures="0" tests="1" name="selainum_packge.Tests.RegisterTests_negativeScenario" time="٢.٣٦٧" errors="0" timestamp="٢٠٢٥-٠٥-٠٩T٢١:٣٣:٠٧ EEST" skipped="0">
  <testcase classname="selainum_packge.Tests.RegisterTests_negativeScenario" name="testRegister_ExistEmail" time="٢.٣٦٧"/>
</testsuite> <!-- selainum_packge.Tests.RegisterTests_negativeScenario -->
