<?xml version="1.0" encoding="UTF-8"?>
<!-- Generated by org.testng.reporters.JUnitReportReporter -->
<testsuite hostname="DESKTOP-TIJ1VS8" failures="0" tests="1" name="selainum_packge.Tests.TestCases_Test" time="٠.٩٤٣" errors="0" timestamp="٢٠٢٥-٠٥-١٢T١٩:١١:٤٦ EEST" skipped="0">
  <testcase classname="selainum_packge.Tests.TestCases_Test" name="testCases_VerifyPage" time="٠.٩٤٣"/>
</testsuite> <!-- selainum_packge.Tests.TestCases_Test -->
