<?xml version="1.0" encoding="UTF-8"?>
<!-- Generated by org.testng.reporters.JUnitReportReporter -->
<testsuite hostname="DESKTOP-TIJ1VS8" failures="0" tests="1" name="selainum_packge.Tests.TestCases_PositiveSenario" time="٢.٣٣٧" errors="0" timestamp="٢٠٢٥-٠٥-٠٩T٢٢:٣٤:٤٨ EEST" skipped="0">
  <testcase classname="selainum_packge.Tests.TestCases_PositiveSenario" name="testRegister_ExistEmail" time="٢.٣٣٧"/>
</testsuite> <!-- selainum_packge.Tests.TestCases_PositiveSenario -->
